15:58:07.095 [main] DEBUG o.s.c.s.ClassPathXmlApplicationContext - Refreshing org.springframework.context.support.ClassPathXmlApplicationContext@206a70ef
15:58:07.312 [main] DEBUG o.s.b.f.xml.XmlBeanDefinitionReader - Loaded 3 bean definitions from class path resource [ApplicationContext.xml]
15:58:07.422 [main] DEBUG o.s.b.f.s.DefaultListableBeanFactory - Creating shared instance of singleton bean 'ds'
15:58:07.508 [main] DEBUG o.s.j.d.DriverManagerDataSource - Loaded JDBC driver: org.h2.Driver
15:58:07.511 [main] DEBUG o.s.b.f.s.DefaultListableBeanFactory - Creating shared instance of singleton bean 'jdbcTemplate'
15:58:07.584 [main] DEBUG o.s.b.f.s.DefaultListableBeanFactory - Creating shared instance of singleton bean 'studentDao'
15:58:07.697 [main] DEBUG org.testng.internal.Graph - [Graph] ADDING NODE TestMainCrud.testOnDelete()[pri:3, instance:test.TestMainCrud@7c214cc0] 1711984456
15:58:07.699 [main] DEBUG org.testng.internal.Graph - [Graph] ADDING NODE TestMainCrud.testOnUpdate()[pri:2, instance:test.TestMainCrud@7c214cc0] -1804720414
15:58:07.700 [main] DEBUG org.testng.internal.Graph - [Graph] ADDING NODE TestMainCrud.testOnInsert()[pri:1, instance:test.TestMainCrud@7c214cc0] -1679003918
15:58:07.700 [main] DEBUG org.testng.internal.Graph - [Graph] ================ SORTING
15:58:07.716 [main] DEBUG org.testng.internal.Graph - [Graph] =============== DONE SORTING
15:58:07.716 [main] DEBUG org.testng.internal.Graph - [Graph] ====== SORTED NODES
15:58:07.716 [main] DEBUG org.testng.internal.Graph - [Graph] ====== END SORTED NODES
15:58:07.795 [main] INFO  test.TestMainCrud - Test on Insert started!!
15:58:07.798 [main] DEBUG o.s.jdbc.core.JdbcTemplate - Executing prepared SQL update
15:58:07.800 [main] DEBUG o.s.jdbc.core.JdbcTemplate - Executing prepared SQL statement [insert into student (id, studentName,lastName) values(?, ?, ?)]
15:58:07.820 [main] DEBUG o.s.jdbc.datasource.DataSourceUtils - Fetching JDBC Connection from DataSource
15:58:07.820 [main] DEBUG o.s.j.d.DriverManagerDataSource - Creating new JDBC DriverManager Connection to [jdbc:h2:tcp://localhost/~/test]
15:58:09.399 [main] INFO  test.TestMainCrud - Test on Update started!!
15:58:09.400 [main] DEBUG o.s.jdbc.core.JdbcTemplate - Executing prepared SQL update
15:58:09.400 [main] DEBUG o.s.jdbc.core.JdbcTemplate - Executing prepared SQL statement [update student set studentName = ? where id = ?]
15:58:09.400 [main] DEBUG o.s.jdbc.datasource.DataSourceUtils - Fetching JDBC Connection from DataSource
15:58:09.400 [main] DEBUG o.s.j.d.DriverManagerDataSource - Creating new JDBC DriverManager Connection to [jdbc:h2:tcp://localhost/~/test]
15:58:10.683 [main] INFO  test.TestMainCrud - Test on Delete started!!
15:58:10.683 [main] DEBUG o.s.jdbc.core.JdbcTemplate - Executing prepared SQL update
15:58:10.683 [main] DEBUG o.s.jdbc.core.JdbcTemplate - Executing prepared SQL statement [delete from student where id = ?]
15:58:10.683 [main] DEBUG o.s.jdbc.datasource.DataSourceUtils - Fetching JDBC Connection from DataSource
15:58:10.683 [main] DEBUG o.s.j.d.DriverManagerDataSource - Creating new JDBC DriverManager Connection to [jdbc:h2:tcp://localhost/~/test]
15:58:12.111 [main] DEBUG org.testng.internal.Graph - [Graph] ADDING NODE TestMainCrud.testOnInsert()[pri:1, instance:test.TestMainCrud@7c214cc0] -1679003918
15:58:12.111 [main] DEBUG org.testng.internal.Graph - [Graph] ADDING NODE TestMainCrud.testOnUpdate()[pri:2, instance:test.TestMainCrud@7c214cc0] -1804720414
15:58:12.111 [main] DEBUG org.testng.internal.Graph - [Graph] ADDING NODE TestMainCrud.testOnDelete()[pri:3, instance:test.TestMainCrud@7c214cc0] 1711984456
15:58:12.111 [main] DEBUG org.testng.internal.Graph - [Graph] ================ SORTING
15:58:12.112 [main] DEBUG org.testng.internal.Graph - [Graph] =============== DONE SORTING
15:58:12.112 [main] DEBUG org.testng.internal.Graph - [Graph] ====== SORTED NODES
15:58:12.112 [main] DEBUG org.testng.internal.Graph - [Graph] ====== END SORTED NODES
09:40:33.200 [main] INFO  com.review.MainCrud - Logger Initialized!!
09:40:33.415 [main] DEBUG o.s.c.s.ClassPathXmlApplicationContext - Refreshing org.springframework.context.support.ClassPathXmlApplicationContext@6f195bc3
09:40:34.093 [main] DEBUG o.s.b.f.xml.XmlBeanDefinitionReader - Loaded 3 bean definitions from class path resource [ApplicationContext.xml]
09:40:34.215 [main] DEBUG o.s.b.f.s.DefaultListableBeanFactory - Creating shared instance of singleton bean 'ds'
09:40:34.305 [main] DEBUG o.s.j.d.DriverManagerDataSource - Loaded JDBC driver: org.h2.Driver
09:40:34.307 [main] DEBUG o.s.b.f.s.DefaultListableBeanFactory - Creating shared instance of singleton bean 'jdbcTemplate'
09:40:34.356 [main] DEBUG o.s.b.f.s.DefaultListableBeanFactory - Creating shared instance of singleton bean 'studentDao'
09:41:12.268 [main] INFO  com.review.MainCrud - Logger Initialized!!
09:41:12.344 [main] DEBUG o.s.c.s.ClassPathXmlApplicationContext - Refreshing org.springframework.context.support.ClassPathXmlApplicationContext@2353b3e6
09:41:12.667 [main] DEBUG o.s.b.f.xml.XmlBeanDefinitionReader - Loaded 3 bean definitions from class path resource [ApplicationContext.xml]
09:41:12.709 [main] DEBUG o.s.b.f.s.DefaultListableBeanFactory - Creating shared instance of singleton bean 'ds'
09:41:12.875 [main] DEBUG o.s.j.d.DriverManagerDataSource - Loaded JDBC driver: org.h2.Driver
09:41:12.877 [main] DEBUG o.s.b.f.s.DefaultListableBeanFactory - Creating shared instance of singleton bean 'jdbcTemplate'
09:41:12.969 [main] DEBUG o.s.b.f.s.DefaultListableBeanFactory - Creating shared instance of singleton bean 'studentDao'
09:41:16.221 [main] WARN  com.review.MainCrud - 
Do you want to continue:= Press any key or else Press 0 to exit!!
09:41:19.758 [main] INFO  com.review.MainCrud - Process Successful
09:41:26.938 [main] INFO  com.review.MainCrud - Logger Initialized!!
09:41:27.061 [main] DEBUG o.s.c.s.ClassPathXmlApplicationContext - Refreshing org.springframework.context.support.ClassPathXmlApplicationContext@2353b3e6
09:41:27.359 [main] DEBUG o.s.b.f.xml.XmlBeanDefinitionReader - Loaded 3 bean definitions from class path resource [ApplicationContext.xml]
09:41:27.413 [main] DEBUG o.s.b.f.s.DefaultListableBeanFactory - Creating shared instance of singleton bean 'ds'
09:41:27.613 [main] DEBUG o.s.j.d.DriverManagerDataSource - Loaded JDBC driver: org.h2.Driver
09:41:27.618 [main] DEBUG o.s.b.f.s.DefaultListableBeanFactory - Creating shared instance of singleton bean 'jdbcTemplate'
09:41:27.705 [main] DEBUG o.s.b.f.s.DefaultListableBeanFactory - Creating shared instance of singleton bean 'studentDao'
09:41:33.244 [main] ERROR com.review.MainCrud - Error at insert := 
java.util.InputMismatchException: null
	at java.base/java.util.Scanner.throwFor(Scanner.java:943)
	at java.base/java.util.Scanner.next(Scanner.java:1598)
	at java.base/java.util.Scanner.nextInt(Scanner.java:2263)
	at java.base/java.util.Scanner.nextInt(Scanner.java:2217)
	at com.review.StudentDaoImplement.setInsertRecords(StudentDaoImplement.java:36)
	at com.review.MainCrud.main(MainCrud.java:22)
09:41:33.261 [main] DEBUG o.s.jdbc.core.JdbcTemplate - Executing prepared SQL update
09:41:33.262 [main] DEBUG o.s.jdbc.core.JdbcTemplate - Executing prepared SQL statement [insert into student (id, studentName,lastName) values(?, ?, ?)]
09:41:33.291 [main] DEBUG o.s.jdbc.datasource.DataSourceUtils - Fetching JDBC Connection from DataSource
09:41:33.291 [main] DEBUG o.s.j.d.DriverManagerDataSource - Creating new JDBC DriverManager Connection to [jdbc:h2:tcp://localhost/~/test]
09:41:33.737 [main] DEBUG o.s.b.f.xml.XmlBeanDefinitionReader - Loaded 11 bean definitions from class path resource [org/springframework/jdbc/support/sql-error-codes.xml]
09:41:33.739 [main] DEBUG o.s.b.f.s.DefaultListableBeanFactory - Creating shared instance of singleton bean 'DB2'
09:41:33.766 [main] DEBUG o.s.b.f.s.DefaultListableBeanFactory - Creating shared instance of singleton bean 'Derby'
09:41:33.777 [main] DEBUG o.s.b.f.s.DefaultListableBeanFactory - Creating shared instance of singleton bean 'H2'
09:41:33.778 [main] DEBUG o.s.b.f.s.DefaultListableBeanFactory - Creating shared instance of singleton bean 'HDB'
09:41:33.784 [main] DEBUG o.s.b.f.s.DefaultListableBeanFactory - Creating shared instance of singleton bean 'HSQL'
09:41:33.792 [main] DEBUG o.s.b.f.s.DefaultListableBeanFactory - Creating shared instance of singleton bean 'Informix'
09:41:33.795 [main] DEBUG o.s.b.f.s.DefaultListableBeanFactory - Creating shared instance of singleton bean 'MS-SQL'
09:41:33.797 [main] DEBUG o.s.b.f.s.DefaultListableBeanFactory - Creating shared instance of singleton bean 'MySQL'
09:41:33.798 [main] DEBUG o.s.b.f.s.DefaultListableBeanFactory - Creating shared instance of singleton bean 'Oracle'
09:41:33.800 [main] DEBUG o.s.b.f.s.DefaultListableBeanFactory - Creating shared instance of singleton bean 'PostgreSQL'
09:41:33.802 [main] DEBUG o.s.b.f.s.DefaultListableBeanFactory - Creating shared instance of singleton bean 'Sybase'
09:41:33.803 [main] DEBUG o.s.j.support.SQLErrorCodesFactory - Looking up default SQLErrorCodes for DataSource [org.springframework.jdbc.datasource.DriverManagerDataSource@928763c]
09:41:33.804 [main] DEBUG o.s.jdbc.datasource.DataSourceUtils - Fetching JDBC Connection from DataSource
09:41:33.805 [main] DEBUG o.s.j.d.DriverManagerDataSource - Creating new JDBC DriverManager Connection to [jdbc:h2:tcp://localhost/~/test]
09:41:33.840 [main] DEBUG o.s.j.support.SQLErrorCodesFactory - SQL error codes for 'H2' found
09:41:33.841 [main] DEBUG o.s.j.support.SQLErrorCodesFactory - Caching SQL error codes for DataSource [org.springframework.jdbc.datasource.DriverManagerDataSource@928763c]: database product name is 'H2'
09:41:33.841 [main] DEBUG o.s.j.s.SQLErrorCodeSQLExceptionTranslator - Translating SQLException with SQL state '23502', error code '23502', message [NULL not allowed for column "STUDENTNAME"; SQL statement:
insert into student (id, studentName,lastName) values(?, ?, ?) [23502-214]]; SQL was [insert into student (id, studentName,lastName) values(?, ?, ?)] for task [PreparedStatementCallback]
09:54:15.509 [main] INFO  com.review.MainCrud - Logger Initialized!!
09:54:15.601 [main] DEBUG o.s.c.s.ClassPathXmlApplicationContext - Refreshing org.springframework.context.support.ClassPathXmlApplicationContext@2353b3e6
09:54:16.025 [main] DEBUG o.s.b.f.xml.XmlBeanDefinitionReader - Loaded 3 bean definitions from class path resource [ApplicationContext.xml]
09:54:16.200 [main] DEBUG o.s.b.f.s.DefaultListableBeanFactory - Creating shared instance of singleton bean 'ds'
09:54:16.410 [main] DEBUG o.s.j.d.DriverManagerDataSource - Loaded JDBC driver: org.h2.Driver
09:54:16.412 [main] DEBUG o.s.b.f.s.DefaultListableBeanFactory - Creating shared instance of singleton bean 'jdbcTemplate'
09:54:16.494 [main] DEBUG o.s.b.f.s.DefaultListableBeanFactory - Creating shared instance of singleton bean 'studentDao'
09:54:27.833 [main] INFO  com.review.MainCrud - Logger in SetInsertRecords
09:54:31.754 [main] INFO  com.review.MainCrud - For ID 4
09:55:38.114 [main] DEBUG o.s.jdbc.core.JdbcTemplate - Executing prepared SQL update
09:55:38.115 [main] DEBUG o.s.jdbc.core.JdbcTemplate - Executing prepared SQL statement [insert into student (id, studentName,lastName) values(?, ?, ?)]
09:55:38.143 [main] DEBUG o.s.jdbc.datasource.DataSourceUtils - Fetching JDBC Connection from DataSource
09:55:38.143 [main] DEBUG o.s.j.d.DriverManagerDataSource - Creating new JDBC DriverManager Connection to [jdbc:h2:tcp://localhost/~/test]
09:55:38.592 [main] DEBUG o.s.jdbc.core.JdbcTemplate - Executing prepared SQL update
09:55:38.592 [main] DEBUG o.s.jdbc.core.JdbcTemplate - Executing prepared SQL statement [insert into studentPersonalDetails(studentId, fatherName, motherName, address,dob) values(?, ?, ?, ?, ?)]
09:55:38.592 [main] DEBUG o.s.jdbc.datasource.DataSourceUtils - Fetching JDBC Connection from DataSource
09:55:38.592 [main] DEBUG o.s.j.d.DriverManagerDataSource - Creating new JDBC DriverManager Connection to [jdbc:h2:tcp://localhost/~/test]
09:55:38.599 [main] DEBUG o.s.jdbc.core.JdbcTemplate - Executing prepared SQL update
09:55:38.599 [main] DEBUG o.s.jdbc.core.JdbcTemplate - Executing prepared SQL statement [insert into studentMarks(studentId, english, hindi, maths, science, social, percentage)values(?, ?, ?, ?, ?, ?, ?)]
09:55:38.604 [main] DEBUG o.s.jdbc.datasource.DataSourceUtils - Fetching JDBC Connection from DataSource
09:55:38.604 [main] DEBUG o.s.j.d.DriverManagerDataSource - Creating new JDBC DriverManager Connection to [jdbc:h2:tcp://localhost/~/test]
09:55:38.610 [main] DEBUG com.review.MainCrud - Inserted ID 4 Data
09:55:51.753 [main] INFO  com.review.MainCrud - Logger in SetDelete
09:55:54.897 [main] INFO  com.review.MainCrud - Data Deleted for 4 
09:55:54.898 [main] DEBUG o.s.jdbc.core.JdbcTemplate - Executing prepared SQL update
09:55:54.898 [main] DEBUG o.s.jdbc.core.JdbcTemplate - Executing prepared SQL statement [delete from student where id = ?]
09:55:54.898 [main] DEBUG o.s.jdbc.datasource.DataSourceUtils - Fetching JDBC Connection from DataSource
09:55:54.898 [main] DEBUG o.s.j.d.DriverManagerDataSource - Creating new JDBC DriverManager Connection to [jdbc:h2:tcp://localhost/~/test]
09:55:54.907 [main] DEBUG o.s.jdbc.core.JdbcTemplate - Executing prepared SQL update
09:55:54.907 [main] DEBUG o.s.jdbc.core.JdbcTemplate - Executing prepared SQL statement [delete from studentPersonalDetails where studentId = ?]
09:55:54.907 [main] DEBUG o.s.jdbc.datasource.DataSourceUtils - Fetching JDBC Connection from DataSource
09:55:54.907 [main] DEBUG o.s.j.d.DriverManagerDataSource - Creating new JDBC DriverManager Connection to [jdbc:h2:tcp://localhost/~/test]
09:55:54.914 [main] DEBUG o.s.jdbc.core.JdbcTemplate - Executing prepared SQL update
09:55:54.914 [main] DEBUG o.s.jdbc.core.JdbcTemplate - Executing prepared SQL statement [delete from studentMarks where studentId = ?]
09:55:54.914 [main] DEBUG o.s.jdbc.datasource.DataSourceUtils - Fetching JDBC Connection from DataSource
09:55:54.914 [main] DEBUG o.s.j.d.DriverManagerDataSource - Creating new JDBC DriverManager Connection to [jdbc:h2:tcp://localhost/~/test]
09:55:54.922 [main] DEBUG com.review.MainCrud - ID 4 Data deleted
09:56:01.859 [main] WARN  com.review.MainCrud - 
Do you want to continue:= Press any key or else Press 0 to exit!!
09:56:05.449 [main] INFO  com.review.MainCrud - Process Successful
10:20:57.800 [main] INFO  com.review.MainCrud - Logger Initialized!!
10:20:57.923 [main] DEBUG o.s.c.s.ClassPathXmlApplicationContext - Refreshing org.springframework.context.support.ClassPathXmlApplicationContext@2353b3e6
10:20:58.369 [main] DEBUG o.s.b.f.xml.XmlBeanDefinitionReader - Loaded 3 bean definitions from class path resource [ApplicationContext.xml]
10:20:58.615 [main] DEBUG o.s.b.f.s.DefaultListableBeanFactory - Creating shared instance of singleton bean 'ds'
10:20:58.818 [main] DEBUG o.s.j.d.DriverManagerDataSource - Loaded JDBC driver: org.h2.Driver
10:20:58.821 [main] DEBUG o.s.b.f.s.DefaultListableBeanFactory - Creating shared instance of singleton bean 'jdbcTemplate'
10:20:58.908 [main] DEBUG o.s.b.f.s.DefaultListableBeanFactory - Creating shared instance of singleton bean 'studentDao'
10:21:00.804 [main] INFO  com.review.MainCrud - Logger in SetInsertRecords
10:21:02.380 [main] INFO  com.review.MainCrud - For ID 5
10:21:33.340 [main] DEBUG o.s.jdbc.core.JdbcTemplate - Executing prepared SQL update
10:21:33.341 [main] DEBUG o.s.jdbc.core.JdbcTemplate - Executing prepared SQL statement [insert into student (id, studentName,lastName) values(?, ?, ?)]
10:21:33.370 [main] DEBUG o.s.jdbc.datasource.DataSourceUtils - Fetching JDBC Connection from DataSource
10:21:33.370 [main] DEBUG o.s.j.d.DriverManagerDataSource - Creating new JDBC DriverManager Connection to [jdbc:h2:tcp://localhost/~/test]
10:21:33.582 [main] DEBUG o.s.jdbc.core.JdbcTemplate - Executing prepared SQL update
10:21:33.582 [main] DEBUG o.s.jdbc.core.JdbcTemplate - Executing prepared SQL statement [insert into studentPersonalDetails(studentId, fatherName, motherName, address,dob) values(?, ?, ?, ?, ?)]
10:21:33.582 [main] DEBUG o.s.jdbc.datasource.DataSourceUtils - Fetching JDBC Connection from DataSource
10:21:33.582 [main] DEBUG o.s.j.d.DriverManagerDataSource - Creating new JDBC DriverManager Connection to [jdbc:h2:tcp://localhost/~/test]
10:21:33.588 [main] DEBUG o.s.jdbc.core.JdbcTemplate - Executing prepared SQL update
10:21:33.588 [main] DEBUG o.s.jdbc.core.JdbcTemplate - Executing prepared SQL statement [insert into studentMarks(studentId, english, hindi, maths, science, social, percentage)values(?, ?, ?, ?, ?, ?, ?)]
10:21:33.588 [main] DEBUG o.s.jdbc.datasource.DataSourceUtils - Fetching JDBC Connection from DataSource
10:21:33.588 [main] DEBUG o.s.j.d.DriverManagerDataSource - Creating new JDBC DriverManager Connection to [jdbc:h2:tcp://localhost/~/test]
10:21:33.595 [main] INFO  com.review.MainCrud - Inserted ID 5 Data
10:21:40.246 [main] WARN  com.review.MainCrud - 
Do you want to continue:= Press any key or else Press 0 to exit!!
10:21:44.398 [main] INFO  com.review.MainCrud - Process Successful for ID5
10:29:33.333 [main] DEBUG org.testng.TestNG - suiteXmlPath: "/Users/ishasethia/Library/Caches/JetBrains/IdeaIC2021.3/temp-testng-customsuite.xml"
10:29:33.882 [main] DEBUG o.s.c.s.ClassPathXmlApplicationContext - Refreshing org.springframework.context.support.ClassPathXmlApplicationContext@51399530
10:29:34.184 [main] DEBUG o.s.b.f.xml.XmlBeanDefinitionReader - Loaded 3 bean definitions from class path resource [ApplicationContext.xml]
10:29:35.165 [main] DEBUG o.s.b.f.s.DefaultListableBeanFactory - Creating shared instance of singleton bean 'ds'
10:29:35.376 [main] DEBUG o.s.j.d.DriverManagerDataSource - Loaded JDBC driver: org.h2.Driver
10:29:35.378 [main] DEBUG o.s.b.f.s.DefaultListableBeanFactory - Creating shared instance of singleton bean 'jdbcTemplate'
10:29:35.423 [main] DEBUG o.s.b.f.s.DefaultListableBeanFactory - Creating shared instance of singleton bean 'studentDao'
10:29:35.595 [main] DEBUG org.testng.internal.Graph - [Graph] ADDING NODE TestMainCrud.testOnDelete()[pri:3, instance:test.TestMainCrud@6ee4d9ab] 1489919027
10:29:35.595 [main] DEBUG org.testng.internal.Graph - [Graph] ADDING NODE TestMainCrud.testOnUpdate()[pri:2, instance:test.TestMainCrud@6ee4d9ab] -2026785843
10:29:35.595 [main] DEBUG org.testng.internal.Graph - [Graph] ADDING NODE TestMainCrud.testOnInsert()[pri:1, instance:test.TestMainCrud@6ee4d9ab] -1901069347
10:29:35.595 [main] DEBUG org.testng.internal.Graph - [Graph] ================ SORTING
10:29:35.602 [main] DEBUG org.testng.internal.Graph - [Graph] =============== DONE SORTING
10:29:35.602 [main] DEBUG org.testng.internal.Graph - [Graph] ====== SORTED NODES
10:29:35.602 [main] DEBUG org.testng.internal.Graph - [Graph] ====== END SORTED NODES
10:29:35.609 [main] INFO  org.testng.internal.Utils - [TestNG] Running:
  /Users/ishasethia/Library/Caches/JetBrains/IdeaIC2021.3/temp-testng-customsuite.xml

10:29:35.656 [main] INFO  test.TestMainCrud - Test on Insert started!!
10:29:35.658 [main] DEBUG o.s.jdbc.core.JdbcTemplate - Executing prepared SQL update
10:29:35.659 [main] DEBUG o.s.jdbc.core.JdbcTemplate - Executing prepared SQL statement [insert into student (id, studentName,lastName) values(?, ?, ?)]
10:29:35.688 [main] DEBUG o.s.jdbc.datasource.DataSourceUtils - Fetching JDBC Connection from DataSource
10:29:35.688 [main] DEBUG o.s.j.d.DriverManagerDataSource - Creating new JDBC DriverManager Connection to [jdbc:h2:tcp://localhost/~/test]
10:29:35.923 [main] DEBUG o.s.jdbc.core.JdbcTemplate - Executing prepared SQL update
10:29:35.924 [main] DEBUG o.s.jdbc.core.JdbcTemplate - Executing prepared SQL statement [insert into studentPersonalDetails(studentId, fatherName, motherName, address,dob) values(?, ?, ?, ?, ?)]
10:29:35.924 [main] DEBUG o.s.jdbc.datasource.DataSourceUtils - Fetching JDBC Connection from DataSource
10:29:35.924 [main] DEBUG o.s.j.d.DriverManagerDataSource - Creating new JDBC DriverManager Connection to [jdbc:h2:tcp://localhost/~/test]
10:29:35.931 [main] DEBUG o.s.jdbc.core.JdbcTemplate - Executing prepared SQL update
10:29:35.931 [main] DEBUG o.s.jdbc.core.JdbcTemplate - Executing prepared SQL statement [insert into studentMarks(studentId, english, hindi, maths, science, social, percentage)values(?, ?, ?, ?, ?, ?, ?)]
10:29:35.931 [main] DEBUG o.s.jdbc.datasource.DataSourceUtils - Fetching JDBC Connection from DataSource
10:29:35.932 [main] DEBUG o.s.j.d.DriverManagerDataSource - Creating new JDBC DriverManager Connection to [jdbc:h2:tcp://localhost/~/test]
10:29:35.938 [main] INFO  test.TestMainCrud - Inserted ID 4 Data
10:29:35.950 [main] DEBUG o.s.jdbc.core.JdbcTemplate - Executing prepared SQL query
10:29:35.951 [main] DEBUG o.s.jdbc.core.JdbcTemplate - Executing prepared SQL statement [ select student.id, student.studentName, student.lastName,  studentPersonalDetails.fatherName, studentPersonalDetails.motherName, studentPersonalDetails.address, studentPersonalDetails.dob, studentMarks.english, studentMarks.hindi, studentMarks.maths, studentMarks.science, studentMarks.social, studentMarks.percentage  from student join studentMarks on student.id = studentMarks.studentId join studentPersonalDetails on studentPersonalDetails.studentId = student.id where student.id = ? ]
10:29:35.951 [main] DEBUG o.s.jdbc.datasource.DataSourceUtils - Fetching JDBC Connection from DataSource
10:29:35.951 [main] DEBUG o.s.j.d.DriverManagerDataSource - Creating new JDBC DriverManager Connection to [jdbc:h2:tcp://localhost/~/test]
10:29:36.005 [main] INFO  test.TestMainCrud - Test on Update started!!
10:29:36.005 [main] DEBUG o.s.jdbc.core.JdbcTemplate - Executing prepared SQL update
10:29:36.005 [main] DEBUG o.s.jdbc.core.JdbcTemplate - Executing prepared SQL statement [update student set studentName = ? where id = ?]
10:29:36.005 [main] DEBUG o.s.jdbc.datasource.DataSourceUtils - Fetching JDBC Connection from DataSource
10:29:36.005 [main] DEBUG o.s.j.d.DriverManagerDataSource - Creating new JDBC DriverManager Connection to [jdbc:h2:tcp://localhost/~/test]
10:29:36.017 [main] DEBUG o.s.jdbc.core.JdbcTemplate - Executing prepared SQL update
10:29:36.017 [main] DEBUG o.s.jdbc.core.JdbcTemplate - Executing prepared SQL statement [update student set lastName = ? where id = ?]
10:29:36.017 [main] DEBUG o.s.jdbc.datasource.DataSourceUtils - Fetching JDBC Connection from DataSource
10:29:36.017 [main] DEBUG o.s.j.d.DriverManagerDataSource - Creating new JDBC DriverManager Connection to [jdbc:h2:tcp://localhost/~/test]
10:29:36.023 [main] DEBUG o.s.jdbc.core.JdbcTemplate - Executing prepared SQL update
10:29:36.023 [main] DEBUG o.s.jdbc.core.JdbcTemplate - Executing prepared SQL statement [update studentPersonalDetails set fatherName = ? where studentId = ?]
10:29:36.023 [main] DEBUG o.s.jdbc.datasource.DataSourceUtils - Fetching JDBC Connection from DataSource
10:29:36.024 [main] DEBUG o.s.j.d.DriverManagerDataSource - Creating new JDBC DriverManager Connection to [jdbc:h2:tcp://localhost/~/test]
10:29:36.030 [main] DEBUG o.s.jdbc.core.JdbcTemplate - Executing prepared SQL update
10:29:36.030 [main] DEBUG o.s.jdbc.core.JdbcTemplate - Executing prepared SQL statement [update studentPersonalDetails set motherName = ? where studentId = ?]
10:29:36.030 [main] DEBUG o.s.jdbc.datasource.DataSourceUtils - Fetching JDBC Connection from DataSource
10:29:36.030 [main] DEBUG o.s.j.d.DriverManagerDataSource - Creating new JDBC DriverManager Connection to [jdbc:h2:tcp://localhost/~/test]
10:29:36.037 [main] DEBUG o.s.jdbc.core.JdbcTemplate - Executing prepared SQL update
10:29:36.037 [main] DEBUG o.s.jdbc.core.JdbcTemplate - Executing prepared SQL statement [update studentPersonalDetails set address = ? where studentId = ?]
10:29:36.037 [main] DEBUG o.s.jdbc.datasource.DataSourceUtils - Fetching JDBC Connection from DataSource
10:29:36.038 [main] DEBUG o.s.j.d.DriverManagerDataSource - Creating new JDBC DriverManager Connection to [jdbc:h2:tcp://localhost/~/test]
10:29:36.044 [main] DEBUG o.s.jdbc.core.JdbcTemplate - Executing prepared SQL update
10:29:36.044 [main] DEBUG o.s.jdbc.core.JdbcTemplate - Executing prepared SQL statement [update studentPersonalDetails set dob = ? where studentId = ?]
10:29:36.044 [main] DEBUG o.s.jdbc.datasource.DataSourceUtils - Fetching JDBC Connection from DataSource
10:29:36.044 [main] DEBUG o.s.j.d.DriverManagerDataSource - Creating new JDBC DriverManager Connection to [jdbc:h2:tcp://localhost/~/test]
10:29:36.051 [main] DEBUG o.s.jdbc.core.JdbcTemplate - Executing prepared SQL update
10:29:36.051 [main] DEBUG o.s.jdbc.core.JdbcTemplate - Executing prepared SQL statement [update studentMarks set english = ? where studentId = ?]
10:29:36.051 [main] DEBUG o.s.jdbc.datasource.DataSourceUtils - Fetching JDBC Connection from DataSource
10:29:36.051 [main] DEBUG o.s.j.d.DriverManagerDataSource - Creating new JDBC DriverManager Connection to [jdbc:h2:tcp://localhost/~/test]
10:29:36.063 [main] DEBUG o.s.jdbc.core.JdbcTemplate - Executing prepared SQL update
10:29:36.063 [main] DEBUG o.s.jdbc.core.JdbcTemplate - Executing prepared SQL statement [update studentMarks set hindi = ? where studentId = ?]
10:29:36.063 [main] DEBUG o.s.jdbc.datasource.DataSourceUtils - Fetching JDBC Connection from DataSource
10:29:36.063 [main] DEBUG o.s.j.d.DriverManagerDataSource - Creating new JDBC DriverManager Connection to [jdbc:h2:tcp://localhost/~/test]
10:29:36.070 [main] DEBUG o.s.jdbc.core.JdbcTemplate - Executing prepared SQL update
10:29:36.070 [main] DEBUG o.s.jdbc.core.JdbcTemplate - Executing prepared SQL statement [update studentMarks set maths = ? where studentId = ?]
10:29:36.070 [main] DEBUG o.s.jdbc.datasource.DataSourceUtils - Fetching JDBC Connection from DataSource
10:29:36.070 [main] DEBUG o.s.j.d.DriverManagerDataSource - Creating new JDBC DriverManager Connection to [jdbc:h2:tcp://localhost/~/test]
10:29:36.078 [main] DEBUG o.s.jdbc.core.JdbcTemplate - Executing prepared SQL update
10:29:36.078 [main] DEBUG o.s.jdbc.core.JdbcTemplate - Executing prepared SQL statement [update studentMarks set science = ? where studentId = ?]
10:29:36.078 [main] DEBUG o.s.jdbc.datasource.DataSourceUtils - Fetching JDBC Connection from DataSource
10:29:36.078 [main] DEBUG o.s.j.d.DriverManagerDataSource - Creating new JDBC DriverManager Connection to [jdbc:h2:tcp://localhost/~/test]
10:29:36.084 [main] DEBUG o.s.jdbc.core.JdbcTemplate - Executing prepared SQL update
10:29:36.085 [main] DEBUG o.s.jdbc.core.JdbcTemplate - Executing prepared SQL statement [update studentMarks set social = ? where studentId = ?]
10:29:36.085 [main] DEBUG o.s.jdbc.datasource.DataSourceUtils - Fetching JDBC Connection from DataSource
10:29:36.085 [main] DEBUG o.s.j.d.DriverManagerDataSource - Creating new JDBC DriverManager Connection to [jdbc:h2:tcp://localhost/~/test]
10:29:36.114 [main] DEBUG o.s.jdbc.core.JdbcTemplate - Executing prepared SQL query
10:29:36.114 [main] DEBUG o.s.jdbc.core.JdbcTemplate - Executing prepared SQL statement [select * from studentMarks where studentId = ?]
10:29:36.114 [main] DEBUG o.s.jdbc.datasource.DataSourceUtils - Fetching JDBC Connection from DataSource
10:29:36.114 [main] DEBUG o.s.j.d.DriverManagerDataSource - Creating new JDBC DriverManager Connection to [jdbc:h2:tcp://localhost/~/test]
10:29:36.121 [main] DEBUG o.s.jdbc.core.JdbcTemplate - Executing prepared SQL update
10:29:36.121 [main] DEBUG o.s.jdbc.core.JdbcTemplate - Executing prepared SQL statement [update studentMarks set percentage = ? where studentId = ?]
10:29:36.121 [main] DEBUG o.s.jdbc.datasource.DataSourceUtils - Fetching JDBC Connection from DataSource
10:29:36.121 [main] DEBUG o.s.j.d.DriverManagerDataSource - Creating new JDBC DriverManager Connection to [jdbc:h2:tcp://localhost/~/test]
10:29:36.127 [main] DEBUG o.s.jdbc.core.JdbcTemplate - Executing prepared SQL query
10:29:36.127 [main] DEBUG o.s.jdbc.core.JdbcTemplate - Executing prepared SQL statement [ select student.id, student.studentName, student.lastName,  studentPersonalDetails.fatherName, studentPersonalDetails.motherName, studentPersonalDetails.address, studentPersonalDetails.dob, studentMarks.english, studentMarks.hindi, studentMarks.maths, studentMarks.science, studentMarks.social, studentMarks.percentage  from student join studentMarks on student.id = studentMarks.studentId join studentPersonalDetails on studentPersonalDetails.studentId = student.id where student.id = ? ]
10:29:36.127 [main] DEBUG o.s.jdbc.datasource.DataSourceUtils - Fetching JDBC Connection from DataSource
10:29:36.127 [main] DEBUG o.s.j.d.DriverManagerDataSource - Creating new JDBC DriverManager Connection to [jdbc:h2:tcp://localhost/~/test]
10:29:36.141 [main] INFO  test.TestMainCrud - Test on Delete started!!
10:29:36.141 [main] DEBUG o.s.jdbc.core.JdbcTemplate - Executing prepared SQL update
10:29:36.141 [main] DEBUG o.s.jdbc.core.JdbcTemplate - Executing prepared SQL statement [delete from student where id = ?]
10:29:36.141 [main] DEBUG o.s.jdbc.datasource.DataSourceUtils - Fetching JDBC Connection from DataSource
10:29:36.141 [main] DEBUG o.s.j.d.DriverManagerDataSource - Creating new JDBC DriverManager Connection to [jdbc:h2:tcp://localhost/~/test]
10:29:36.152 [main] DEBUG o.s.jdbc.core.JdbcTemplate - Executing prepared SQL update
10:29:36.152 [main] DEBUG o.s.jdbc.core.JdbcTemplate - Executing prepared SQL statement [delete from studentPersonalDetails where studentId = ?]
10:29:36.152 [main] DEBUG o.s.jdbc.datasource.DataSourceUtils - Fetching JDBC Connection from DataSource
10:29:36.152 [main] DEBUG o.s.j.d.DriverManagerDataSource - Creating new JDBC DriverManager Connection to [jdbc:h2:tcp://localhost/~/test]
10:29:36.159 [main] DEBUG o.s.jdbc.core.JdbcTemplate - Executing prepared SQL update
10:29:36.159 [main] DEBUG o.s.jdbc.core.JdbcTemplate - Executing prepared SQL statement [delete from studentMarks where studentId = ?]
10:29:36.159 [main] DEBUG o.s.jdbc.datasource.DataSourceUtils - Fetching JDBC Connection from DataSource
10:29:36.159 [main] DEBUG o.s.j.d.DriverManagerDataSource - Creating new JDBC DriverManager Connection to [jdbc:h2:tcp://localhost/~/test]
10:29:36.170 [main] INFO  test.TestMainCrud - ID 4 Data deleted
10:33:56.599 [main] INFO  com.review.MainCrud - Logger Initialized!!
10:33:57.095 [main] DEBUG o.s.c.s.ClassPathXmlApplicationContext - Refreshing org.springframework.context.support.ClassPathXmlApplicationContext@2353b3e6
10:33:58.025 [main] DEBUG o.s.b.f.xml.XmlBeanDefinitionReader - Loaded 3 bean definitions from class path resource [ApplicationContext.xml]
10:33:58.215 [main] DEBUG o.s.b.f.s.DefaultListableBeanFactory - Creating shared instance of singleton bean 'ds'
10:33:58.349 [main] DEBUG o.s.j.d.DriverManagerDataSource - Loaded JDBC driver: org.h2.Driver
10:33:58.353 [main] DEBUG o.s.b.f.s.DefaultListableBeanFactory - Creating shared instance of singleton bean 'jdbcTemplate'
10:33:58.405 [main] DEBUG o.s.b.f.s.DefaultListableBeanFactory - Creating shared instance of singleton bean 'studentDao'
10:35:00.645 [main] INFO  com.review.MainCrud - Logger Initialized!!
10:35:00.882 [main] DEBUG o.s.c.s.ClassPathXmlApplicationContext - Refreshing org.springframework.context.support.ClassPathXmlApplicationContext@631330c
10:35:01.322 [main] DEBUG o.s.b.f.xml.XmlBeanDefinitionReader - Loaded 3 bean definitions from class path resource [ApplicationContext.xml]
10:35:01.517 [main] DEBUG o.s.b.f.s.DefaultListableBeanFactory - Creating shared instance of singleton bean 'ds'
10:35:01.663 [main] DEBUG o.s.j.d.DriverManagerDataSource - Loaded JDBC driver: org.h2.Driver
10:35:01.665 [main] DEBUG o.s.b.f.s.DefaultListableBeanFactory - Creating shared instance of singleton bean 'jdbcTemplate'
10:35:01.716 [main] DEBUG o.s.b.f.s.DefaultListableBeanFactory - Creating shared instance of singleton bean 'studentDao'
10:39:43.504 [main] INFO  com.review.MainCrud - Logger Initialized!!
10:39:43.954 [main] DEBUG o.s.c.s.ClassPathXmlApplicationContext - Refreshing org.springframework.context.support.ClassPathXmlApplicationContext@67b467e9
10:39:44.539 [main] DEBUG o.s.b.f.xml.XmlBeanDefinitionReader - Loaded 3 bean definitions from class path resource [ApplicationContext.xml]
10:39:44.967 [main] DEBUG o.s.b.f.s.DefaultListableBeanFactory - Creating shared instance of singleton bean 'ds'
10:39:45.233 [main] DEBUG o.s.j.d.DriverManagerDataSource - Loaded JDBC driver: org.h2.Driver
10:39:45.236 [main] DEBUG o.s.b.f.s.DefaultListableBeanFactory - Creating shared instance of singleton bean 'jdbcTemplate'
10:39:45.308 [main] DEBUG o.s.b.f.s.DefaultListableBeanFactory - Creating shared instance of singleton bean 'studentDao'
10:43:09.523 [main] INFO  com.review.MainCrud - Logger Initialized!!
10:43:09.877 [main] DEBUG o.s.c.s.ClassPathXmlApplicationContext - Refreshing org.springframework.context.support.ClassPathXmlApplicationContext@396e2f39
10:43:10.354 [main] DEBUG o.s.b.f.xml.XmlBeanDefinitionReader - Loaded 3 bean definitions from class path resource [ApplicationContext.xml]
10:43:10.481 [main] DEBUG o.s.b.f.s.DefaultListableBeanFactory - Creating shared instance of singleton bean 'ds'
10:43:10.618 [main] DEBUG o.s.j.d.DriverManagerDataSource - Loaded JDBC driver: org.h2.Driver
10:43:10.620 [main] DEBUG o.s.b.f.s.DefaultListableBeanFactory - Creating shared instance of singleton bean 'jdbcTemplate'
10:43:10.670 [main] DEBUG o.s.b.f.s.DefaultListableBeanFactory - Creating shared instance of singleton bean 'studentDao'
10:43:16.436 [main] INFO  com.review.MainCrud - Logger in SetInsertRecords
10:43:20.613 [main] ERROR com.review.MainCrud - Error at insert := 
java.util.InputMismatchException: null
	at java.base/java.util.Scanner.throwFor(Scanner.java:943)
	at java.base/java.util.Scanner.next(Scanner.java:1598)
	at java.base/java.util.Scanner.nextInt(Scanner.java:2263)
	at java.base/java.util.Scanner.nextInt(Scanner.java:2217)
	at com.review.StudentDaoImplement.setInsertRecords(StudentDaoImplement.java:37)
	at com.review.MainCrud.main(MainCrud.java:22)
10:43:20.629 [main] DEBUG o.s.jdbc.core.JdbcTemplate - Executing prepared SQL update
10:43:20.631 [main] DEBUG o.s.jdbc.core.JdbcTemplate - Executing prepared SQL statement [insert into student (id, studentName,lastName) values(?, ?, ?)]
10:43:20.658 [main] DEBUG o.s.jdbc.datasource.DataSourceUtils - Fetching JDBC Connection from DataSource
10:43:20.659 [main] DEBUG o.s.j.d.DriverManagerDataSource - Creating new JDBC DriverManager Connection to [jdbc:h2:tcp://localhost/~/test]
10:43:20.909 [main] DEBUG o.s.b.f.xml.XmlBeanDefinitionReader - Loaded 11 bean definitions from class path resource [org/springframework/jdbc/support/sql-error-codes.xml]
10:43:20.910 [main] DEBUG o.s.b.f.s.DefaultListableBeanFactory - Creating shared instance of singleton bean 'DB2'
10:43:20.938 [main] DEBUG o.s.b.f.s.DefaultListableBeanFactory - Creating shared instance of singleton bean 'Derby'
10:43:20.940 [main] DEBUG o.s.b.f.s.DefaultListableBeanFactory - Creating shared instance of singleton bean 'H2'
10:43:20.941 [main] DEBUG o.s.b.f.s.DefaultListableBeanFactory - Creating shared instance of singleton bean 'HDB'
10:43:20.943 [main] DEBUG o.s.b.f.s.DefaultListableBeanFactory - Creating shared instance of singleton bean 'HSQL'
10:43:20.944 [main] DEBUG o.s.b.f.s.DefaultListableBeanFactory - Creating shared instance of singleton bean 'Informix'
10:43:20.944 [main] DEBUG o.s.b.f.s.DefaultListableBeanFactory - Creating shared instance of singleton bean 'MS-SQL'
10:43:20.945 [main] DEBUG o.s.b.f.s.DefaultListableBeanFactory - Creating shared instance of singleton bean 'MySQL'
10:43:20.946 [main] DEBUG o.s.b.f.s.DefaultListableBeanFactory - Creating shared instance of singleton bean 'Oracle'
10:43:20.947 [main] DEBUG o.s.b.f.s.DefaultListableBeanFactory - Creating shared instance of singleton bean 'PostgreSQL'
10:43:20.948 [main] DEBUG o.s.b.f.s.DefaultListableBeanFactory - Creating shared instance of singleton bean 'Sybase'
10:43:20.949 [main] DEBUG o.s.j.support.SQLErrorCodesFactory - Looking up default SQLErrorCodes for DataSource [org.springframework.jdbc.datasource.DriverManagerDataSource@52815fa3]
10:43:20.950 [main] DEBUG o.s.jdbc.datasource.DataSourceUtils - Fetching JDBC Connection from DataSource
10:43:20.950 [main] DEBUG o.s.j.d.DriverManagerDataSource - Creating new JDBC DriverManager Connection to [jdbc:h2:tcp://localhost/~/test]
10:43:20.963 [main] DEBUG o.s.j.support.SQLErrorCodesFactory - SQL error codes for 'H2' found
10:43:20.963 [main] DEBUG o.s.j.support.SQLErrorCodesFactory - Caching SQL error codes for DataSource [org.springframework.jdbc.datasource.DriverManagerDataSource@52815fa3]: database product name is 'H2'
10:43:20.963 [main] DEBUG o.s.j.s.SQLErrorCodeSQLExceptionTranslator - Translating SQLException with SQL state '23502', error code '23502', message [NULL not allowed for column "STUDENTNAME"; SQL statement:
insert into student (id, studentName,lastName) values(?, ?, ?) [23502-214]]; SQL was [insert into student (id, studentName,lastName) values(?, ?, ?)] for task [PreparedStatementCallback]
